<?xml version="1.0" encoding="UTF-8"?>
<testsuite name="TestSuite" time="3.722" tests="27" errors="0" skipped="0" failures="2">
  <properties>
[...]
</properties>
  <testcase name="checkContentType" classname="com.employeeapi.testCases.TC001_Get_All_Employees" time="0.025"/>
  <testcase name="checkResponseBody" classname="com.employeeapi.testCases.TC001_Get_All_Employees" time="3.593"/>
  <testcase name="checkResponseTime" classname="com.employeeapi.testCases.TC001_Get_All_Employees" time="0.001">
    <failure message="did not expect to find [true] but found [false]" type="java.lang.AssertionError">java.lang.AssertionError: did not expect to find [true] but found [false]
	at org.testng.Assert.fail(Assert.java:97)
	at org.testng.Assert.failNotEquals(Assert.java:969)
	at org.testng.Assert.assertTrue(Assert.java:43)
	at org.testng.Assert.assertTrue(Assert.java:53)
	at com.employeeapi.testCases.TC001_Get_All_Employees.checkResponseTime(TC001_Get_All_Employees.java:53)
</failure>
    <system-out><![CDATA[INFO  EmployeesRestAPI - *********Checking Response Time*******
INFO  EmployeesRestAPI - Response Time ==>5797
WARN  EmployeesRestAPI - Response time is greater than 3000
]]></system-out>
  </testcase>
  <testcase name="checkServerType" classname="com.employeeapi.testCases.TC001_Get_All_Employees" time="0"/>
  <testcase name="checkStatusCode" classname="com.employeeapi.testCases.TC001_Get_All_Employees" time="0"/>
  <testcase name="checkStatusLine" classname="com.employeeapi.testCases.TC001_Get_All_Employees" time="0"/>
  <testcase name="checkContentType" classname="com.employeeapi.testCases.TC002_Get_Single_Employees_Record" time="0.002"/>
  <testcase name="checkResponseBody" classname="com.employeeapi.testCases.TC002_Get_Single_Employees_Record" time="0.009">
    <failure message="expected [true] but found [false]" type="java.lang.AssertionError">java.lang.AssertionError: expected [true] but found [false]
	at org.testng.Assert.fail(Assert.java:97)
	at org.testng.Assert.assertEqualsImpl(Assert.java:136)
	at org.testng.Assert.assertEquals(Assert.java:118)
	at org.testng.Assert.assertEquals(Assert.java:751)
	at org.testng.Assert.assertEquals(Assert.java:761)
	at com.employeeapi.testCases.TC002_Get_Single_Employees_Record.checkResponseBody(TC002_Get_Single_Employees_Record.java:32)
</failure>
    <system-out><![CDATA[INFO  EmployeesRestAPI - *********Checking Response Body*******
INFO  EmployeesRestAPI - Response Body ==>false<script type='text/javascript' style='display:none;' async>
__ez.queue.addFile('edmonton.php', '/detroitchicago/edmonton.webp?a=a&cb=3&shcb=32', true, [], true, false, false, false);
__ez.queue.addFile('jellyfish.php', '/porpoiseant/jellyfish.webp?a=a&cb=3&shcb=32', false, [], true, false, false, false);
</script>

<script>var _audins_dom="restapiexample_com",_audins_did=133674;__ez.queue.addDelayFunc("audins.js","__ez.script.add", "//go.ezoic.net/detroitchicago/audins.js?cb=188-3");</script><noscript><div style="display:none;"><img src="//pixel.quantserve.com/pixel/p-31iz6hfFutd16.gif?labels=Domain.restapiexample_com,DomainId.133674" border="0" height="1" width="1" alt="Quantcast"/></div></noscript><noscript><img src="https://sb.scorecardresearch.com/p?c1=2&c2=20015427&cv=2.0&cj=1"/></noscript>
<script type='text/javascript'>(function(){function f(b,d){for(var c=0;c<d.length;c++){var e=d[c];if(0==e.complete||"undefined"!=typeof e.readyState&&4>e.readyState){var k=e.getAttribute("src")||e.currentSrc;"undefined"!=typeof e.readyState&&0==e.readyState?e.addEventListener("loadstart",function(g){var l=g.getAttribute("src")||g.currentSrc;h(g,l)}):(k=e.getAttribute("src")||e.currentSrc,h(e,k));e.addEventListener("load",function(g){var l=g.currentTarget.getAttribute("src")||g.srcElement.currentSrc;m(g,l)});e.addEventListener("loadeddata",
	function(g){var l=g.currentTarget.getAttribute("src")||g.srcElement.currentSrc;m(g,l)});e.addEventListener("error",function(g){var l=g.currentTarget.getAttribute("src")||g.srcElement.currentSrc;m(g,l)})}}}function a(b){for(var d=0;d<document.styleSheets.length;d++)if(document.styleSheets[d].href==b)return!0;return!1}f("img",document.querySelectorAll("img"));f("video",document.querySelectorAll("video"));f("audio",document.querySelectorAll("audio"));(function(b){for(var d=0;d<b.length;d++){var c=b[d];
	if("stylesheet"==c.getAttribute("rel")&&null!=c.getAttribute("href")&&a(c.getAttribute("href"))){h(c,c.getAttribute("href"));var e=document.createElement("img");e.onerror=function(k){m(c,k.path[0].currentSrc)};e.src=c.getAttribute("href")}}})(document.querySelectorAll("link"))})();</script>
]]></system-out>
  </testcase>
  <testcase name="checkResponseTime" classname="com.employeeapi.testCases.TC002_Get_Single_Employees_Record" time="0.008"/>
  <testcase name="checkServerType" classname="com.employeeapi.testCases.TC002_Get_Single_Employees_Record" time="0.009"/>
  <testcase name="checkStatusCode" classname="com.employeeapi.testCases.TC002_Get_Single_Employees_Record" time="0.024"/>
  <testcase name="checkStatusLine" classname="com.employeeapi.testCases.TC002_Get_Single_Employees_Record" time="0.008"/>
  <testcase name="checkContentType" classname="com.employeeapi.testCases.TC003_POST_Employees_Record" time="0.004"/>
  <testcase name="checkResponseBody" classname="com.employeeapi.testCases.TC003_POST_Employees_Record" time="0.004"/>
  <testcase name="checkResponseTime" classname="com.employeeapi.testCases.TC003_POST_Employees_Record" time="0.001"/>
  <testcase name="checkStatusCode" classname="com.employeeapi.testCases.TC003_POST_Employees_Record" time="0.004"/>
  <testcase name="checkStatusLine" classname="com.employeeapi.testCases.TC003_POST_Employees_Record" time="0.005"/>
  <testcase name="checkContentType" classname="com.employeeapi.testCases.TC004_PUT_Employees_Record" time="0.003"/>
  <testcase name="checkResponseBody" classname="com.employeeapi.testCases.TC004_PUT_Employees_Record" time="0.003"/>
  <testcase name="checkResponseTime" classname="com.employeeapi.testCases.TC004_PUT_Employees_Record" time="0.001"/>
  <testcase name="checkStatusCode" classname="com.employeeapi.testCases.TC004_PUT_Employees_Record" time="0"/>
  <testcase name="checkStatusLine" classname="com.employeeapi.testCases.TC004_PUT_Employees_Record" time="0.005"/>
  <testcase name="checkContentType" classname="com.employeeapi.testCases.TC005_DELETE_Employee_Record" time="0.003"/>
  <testcase name="checkResponseBody" classname="com.employeeapi.testCases.TC005_DELETE_Employee_Record" time="0.001"/>
  <testcase name="checkResponseTime" classname="com.employeeapi.testCases.TC005_DELETE_Employee_Record" time="0.004"/>
  <testcase name="checkStatusCode" classname="com.employeeapi.testCases.TC005_DELETE_Employee_Record" time="0.004"/>
  <testcase name="checkStatusLine" classname="com.employeeapi.testCases.TC005_DELETE_Employee_Record" time="0.001"/>
</testsuite>