<?xml version="1.0" encoding="UTF-8"?>
<testng-results skipped="0" failed="2" ignored="0" total="27" passed="25">
  <reporter-output>
  </reporter-output>
  <suite name="EmployeesRestApisuite" duration-ms="24693" started-at="2019-11-15T22:36:20 IST" finished-at="2019-11-15T22:36:45 IST">
    <groups>
    </groups>
    <test name="EmployeesRestApiTest" duration-ms="24693" started-at="2019-11-15T22:36:20 IST" finished-at="2019-11-15T22:36:45 IST">
      <class name="com.employeeapi.testCases.TC003_POST_Employees_Record">
        <test-method status="PASS" signature="setup()[pri:0, instance:com.employeeapi.testCases.TC003_POST_Employees_Record@28feb3fa]" name="setup" is-config="true" duration-ms="19" started-at="2019-11-15T22:36:33 IST" finished-at="2019-11-15T22:36:33 IST">
          <reporter-output>
          </reporter-output>
        </test-method> <!-- setup -->
        <test-method status="PASS" signature="createEmployee()[pri:0, instance:com.employeeapi.testCases.TC003_POST_Employees_Record@28feb3fa]" name="createEmployee" is-config="true" duration-ms="1180" started-at="2019-11-15T22:36:33 IST" finished-at="2019-11-15T22:36:35 IST">
          <reporter-output>
          </reporter-output>
        </test-method> <!-- createEmployee -->
        <test-method status="PASS" signature="checkContentType()[pri:0, instance:com.employeeapi.testCases.TC003_POST_Employees_Record@28feb3fa]" name="checkContentType" duration-ms="0" started-at="2019-11-15T22:36:35 IST" finished-at="2019-11-15T22:36:35 IST">
          <reporter-output>
          </reporter-output>
        </test-method> <!-- checkContentType -->
        <test-method status="PASS" signature="checkResponseBody()[pri:0, instance:com.employeeapi.testCases.TC003_POST_Employees_Record@28feb3fa]" name="checkResponseBody" duration-ms="3" started-at="2019-11-15T22:36:35 IST" finished-at="2019-11-15T22:36:35 IST">
          <reporter-output>
          </reporter-output>
        </test-method> <!-- checkResponseBody -->
        <test-method status="PASS" signature="checkResponseTime()[pri:0, instance:com.employeeapi.testCases.TC003_POST_Employees_Record@28feb3fa]" name="checkResponseTime" duration-ms="2" started-at="2019-11-15T22:36:35 IST" finished-at="2019-11-15T22:36:35 IST">
          <reporter-output>
          </reporter-output>
        </test-method> <!-- checkResponseTime -->
        <test-method status="PASS" signature="checkStatusCode()[pri:0, instance:com.employeeapi.testCases.TC003_POST_Employees_Record@28feb3fa]" name="checkStatusCode" duration-ms="0" started-at="2019-11-15T22:36:35 IST" finished-at="2019-11-15T22:36:35 IST">
          <reporter-output>
          </reporter-output>
        </test-method> <!-- checkStatusCode -->
        <test-method status="PASS" signature="checkStatusLine()[pri:0, instance:com.employeeapi.testCases.TC003_POST_Employees_Record@28feb3fa]" name="checkStatusLine" duration-ms="4" started-at="2019-11-15T22:36:35 IST" finished-at="2019-11-15T22:36:35 IST">
          <reporter-output>
          </reporter-output>
        </test-method> <!-- checkStatusLine -->
        <test-method status="PASS" signature="tearDown()[pri:0, instance:com.employeeapi.testCases.TC003_POST_Employees_Record@28feb3fa]" name="tearDown" is-config="true" duration-ms="0" started-at="2019-11-15T22:36:35 IST" finished-at="2019-11-15T22:36:35 IST">
          <reporter-output>
          </reporter-output>
        </test-method> <!-- tearDown -->
      </class> <!-- com.employeeapi.testCases.TC003_POST_Employees_Record -->
      <class name="com.employeeapi.testCases.TC005_DELETE_Employee_Record">
        <test-method status="PASS" signature="setup()[pri:0, instance:com.employeeapi.testCases.TC005_DELETE_Employee_Record@51565ec2]" name="setup" is-config="true" duration-ms="8" started-at="2019-11-15T22:36:37 IST" finished-at="2019-11-15T22:36:37 IST">
          <reporter-output>
          </reporter-output>
        </test-method> <!-- setup -->
        <test-method status="PASS" signature="createEmployee()[pri:0, instance:com.employeeapi.testCases.TC005_DELETE_Employee_Record@51565ec2]" name="createEmployee" is-config="true" duration-ms="8158" started-at="2019-11-15T22:36:37 IST" finished-at="2019-11-15T22:36:45 IST">
          <reporter-output>
          </reporter-output>
        </test-method> <!-- createEmployee -->
        <test-method status="PASS" signature="checkContentType()[pri:0, instance:com.employeeapi.testCases.TC005_DELETE_Employee_Record@51565ec2]" name="checkContentType" duration-ms="3" started-at="2019-11-15T22:36:45 IST" finished-at="2019-11-15T22:36:45 IST">
          <reporter-output>
          </reporter-output>
        </test-method> <!-- checkContentType -->
        <test-method status="PASS" signature="checkResponseBody()[pri:0, instance:com.employeeapi.testCases.TC005_DELETE_Employee_Record@51565ec2]" name="checkResponseBody" duration-ms="2" started-at="2019-11-15T22:36:45 IST" finished-at="2019-11-15T22:36:45 IST">
          <reporter-output>
          </reporter-output>
        </test-method> <!-- checkResponseBody -->
        <test-method status="PASS" signature="checkResponseTime()[pri:0, instance:com.employeeapi.testCases.TC005_DELETE_Employee_Record@51565ec2]" name="checkResponseTime" duration-ms="0" started-at="2019-11-15T22:36:45 IST" finished-at="2019-11-15T22:36:45 IST">
          <reporter-output>
          </reporter-output>
        </test-method> <!-- checkResponseTime -->
        <test-method status="PASS" signature="checkStatusCode()[pri:0, instance:com.employeeapi.testCases.TC005_DELETE_Employee_Record@51565ec2]" name="checkStatusCode" duration-ms="0" started-at="2019-11-15T22:36:45 IST" finished-at="2019-11-15T22:36:45 IST">
          <reporter-output>
          </reporter-output>
        </test-method> <!-- checkStatusCode -->
        <test-method status="PASS" signature="checkStatusLine()[pri:0, instance:com.employeeapi.testCases.TC005_DELETE_Employee_Record@51565ec2]" name="checkStatusLine" duration-ms="1" started-at="2019-11-15T22:36:45 IST" finished-at="2019-11-15T22:36:45 IST">
          <reporter-output>
          </reporter-output>
        </test-method> <!-- checkStatusLine -->
        <test-method status="PASS" signature="tearDown()[pri:0, instance:com.employeeapi.testCases.TC005_DELETE_Employee_Record@51565ec2]" name="tearDown" is-config="true" duration-ms="0" started-at="2019-11-15T22:36:45 IST" finished-at="2019-11-15T22:36:45 IST">
          <reporter-output>
          </reporter-output>
        </test-method> <!-- tearDown -->
      </class> <!-- com.employeeapi.testCases.TC005_DELETE_Employee_Record -->
      <class name="com.employeeapi.testCases.TC004_PUT_Employees_Record">
        <test-method status="PASS" signature="setup()[pri:0, instance:com.employeeapi.testCases.TC004_PUT_Employees_Record@675d3402]" name="setup" is-config="true" duration-ms="15" started-at="2019-11-15T22:36:35 IST" finished-at="2019-11-15T22:36:35 IST">
          <reporter-output>
          </reporter-output>
        </test-method> <!-- setup -->
        <test-method status="PASS" signature="createEmployee()[pri:0, instance:com.employeeapi.testCases.TC004_PUT_Employees_Record@675d3402]" name="createEmployee" is-config="true" duration-ms="2146" started-at="2019-11-15T22:36:35 IST" finished-at="2019-11-15T22:36:37 IST">
          <reporter-output>
          </reporter-output>
        </test-method> <!-- createEmployee -->
        <test-method status="PASS" signature="checkContentType()[pri:0, instance:com.employeeapi.testCases.TC004_PUT_Employees_Record@675d3402]" name="checkContentType" duration-ms="2" started-at="2019-11-15T22:36:37 IST" finished-at="2019-11-15T22:36:37 IST">
          <reporter-output>
          </reporter-output>
        </test-method> <!-- checkContentType -->
        <test-method status="PASS" signature="checkResponseBody()[pri:0, instance:com.employeeapi.testCases.TC004_PUT_Employees_Record@675d3402]" name="checkResponseBody" duration-ms="1" started-at="2019-11-15T22:36:37 IST" finished-at="2019-11-15T22:36:37 IST">
          <reporter-output>
          </reporter-output>
        </test-method> <!-- checkResponseBody -->
        <test-method status="PASS" signature="checkResponseTime()[pri:0, instance:com.employeeapi.testCases.TC004_PUT_Employees_Record@675d3402]" name="checkResponseTime" duration-ms="0" started-at="2019-11-15T22:36:37 IST" finished-at="2019-11-15T22:36:37 IST">
          <reporter-output>
          </reporter-output>
        </test-method> <!-- checkResponseTime -->
        <test-method status="PASS" signature="checkStatusCode()[pri:0, instance:com.employeeapi.testCases.TC004_PUT_Employees_Record@675d3402]" name="checkStatusCode" duration-ms="0" started-at="2019-11-15T22:36:37 IST" finished-at="2019-11-15T22:36:37 IST">
          <reporter-output>
          </reporter-output>
        </test-method> <!-- checkStatusCode -->
        <test-method status="PASS" signature="checkStatusLine()[pri:0, instance:com.employeeapi.testCases.TC004_PUT_Employees_Record@675d3402]" name="checkStatusLine" duration-ms="4" started-at="2019-11-15T22:36:37 IST" finished-at="2019-11-15T22:36:37 IST">
          <reporter-output>
          </reporter-output>
        </test-method> <!-- checkStatusLine -->
        <test-method status="PASS" signature="tearDown()[pri:0, instance:com.employeeapi.testCases.TC004_PUT_Employees_Record@675d3402]" name="tearDown" is-config="true" duration-ms="1" started-at="2019-11-15T22:36:37 IST" finished-at="2019-11-15T22:36:37 IST">
          <reporter-output>
          </reporter-output>
        </test-method> <!-- tearDown -->
      </class> <!-- com.employeeapi.testCases.TC004_PUT_Employees_Record -->
      <class name="com.employeeapi.testCases.TC001_Get_All_Employees">
        <test-method status="PASS" signature="setup()[pri:0, instance:com.employeeapi.testCases.TC001_Get_All_Employees@20e2cbe0]" name="setup" is-config="true" duration-ms="78" started-at="2019-11-15T22:36:21 IST" finished-at="2019-11-15T22:36:21 IST">
          <reporter-output>
          </reporter-output>
        </test-method> <!-- setup -->
        <test-method status="PASS" signature="getAllEmployees()[pri:0, instance:com.employeeapi.testCases.TC001_Get_All_Employees@20e2cbe0]" name="getAllEmployees" is-config="true" duration-ms="7157" started-at="2019-11-15T22:36:21 IST" finished-at="2019-11-15T22:36:28 IST">
          <reporter-output>
          </reporter-output>
        </test-method> <!-- getAllEmployees -->
        <test-method status="PASS" signature="checkContentType()[pri:0, instance:com.employeeapi.testCases.TC001_Get_All_Employees@20e2cbe0]" name="checkContentType" duration-ms="7" started-at="2019-11-15T22:36:28 IST" finished-at="2019-11-15T22:36:28 IST">
          <reporter-output>
          </reporter-output>
        </test-method> <!-- checkContentType -->
        <test-method status="PASS" signature="checkResponseBody()[pri:0, instance:com.employeeapi.testCases.TC001_Get_All_Employees@20e2cbe0]" name="checkResponseBody" duration-ms="3468" started-at="2019-11-15T22:36:28 IST" finished-at="2019-11-15T22:36:31 IST">
          <reporter-output>
          </reporter-output>
        </test-method> <!-- checkResponseBody -->
        <test-method status="FAIL" signature="checkResponseTime()[pri:0, instance:com.employeeapi.testCases.TC001_Get_All_Employees@20e2cbe0]" name="checkResponseTime" duration-ms="4" started-at="2019-11-15T22:36:31 IST" finished-at="2019-11-15T22:36:31 IST">
          <exception class="java.lang.AssertionError">
            <message>
              <![CDATA[did not expect to find [true] but found [false]]]>
            </message>
            <full-stacktrace>
              <![CDATA[java.lang.AssertionError: did not expect to find [true] but found [false]
at org.testng.Assert.fail(Assert.java:97)
at org.testng.Assert.failNotEquals(Assert.java:969)
at org.testng.Assert.assertTrue(Assert.java:43)
at org.testng.Assert.assertTrue(Assert.java:53)
at com.employeeapi.testCases.TC001_Get_All_Employees.checkResponseTime(TC001_Get_All_Employees.java:53)
at sun.reflect.NativeMethodAccessorImpl.invoke0(Native Method)
at sun.reflect.NativeMethodAccessorImpl.invoke(NativeMethodAccessorImpl.java:62)
at sun.reflect.DelegatingMethodAccessorImpl.invoke(DelegatingMethodAccessorImpl.java:43)
at java.lang.reflect.Method.invoke(Method.java:498)
at org.testng.internal.MethodInvocationHelper.invokeMethod(MethodInvocationHelper.java:133)
at org.testng.internal.TestInvoker.invokeMethod(TestInvoker.java:584)
at org.testng.internal.TestInvoker.invokeTestMethod(TestInvoker.java:172)
at org.testng.internal.MethodRunner.runInSequence(MethodRunner.java:46)
at org.testng.internal.TestInvoker$MethodInvocationAgent.invoke(TestInvoker.java:804)
at org.testng.internal.TestInvoker.invokeTestMethods(TestInvoker.java:145)
at org.testng.internal.TestMethodWorker.invokeTestMethods(TestMethodWorker.java:146)
at org.testng.internal.TestMethodWorker.run(TestMethodWorker.java:128)
at java.util.ArrayList.forEach(ArrayList.java:1257)
at org.testng.TestRunner.privateRun(TestRunner.java:770)
at org.testng.TestRunner.run(TestRunner.java:591)
at org.testng.SuiteRunner.runTest(SuiteRunner.java:402)
at org.testng.SuiteRunner.runSequentially(SuiteRunner.java:396)
at org.testng.SuiteRunner.privateRun(SuiteRunner.java:355)
at org.testng.SuiteRunner.run(SuiteRunner.java:304)
at org.testng.SuiteRunnerWorker.runSuite(SuiteRunnerWorker.java:53)
at org.testng.SuiteRunnerWorker.run(SuiteRunnerWorker.java:96)
at org.testng.TestNG.runSuitesSequentially(TestNG.java:1180)
at org.testng.TestNG.runSuitesLocally(TestNG.java:1102)
at org.testng.TestNG.runSuites(TestNG.java:1032)
at org.testng.TestNG.run(TestNG.java:1000)
at org.apache.maven.surefire.testng.TestNGExecutor.run(TestNGExecutor.java:295)
at org.apache.maven.surefire.testng.TestNGXmlTestSuite.execute(TestNGXmlTestSuite.java:84)
at org.apache.maven.surefire.testng.TestNGProvider.invoke(TestNGProvider.java:90)
at org.apache.maven.surefire.booter.ForkedBooter.invokeProviderInSameClassLoader(ForkedBooter.java:203)
at org.apache.maven.surefire.booter.ForkedBooter.runSuitesInProcess(ForkedBooter.java:155)
at org.apache.maven.surefire.booter.ForkedBooter.main(ForkedBooter.java:103)
]]>
            </full-stacktrace>
          </exception> <!-- java.lang.AssertionError -->
          <reporter-output>
          </reporter-output>
        </test-method> <!-- checkResponseTime -->
        <test-method status="PASS" signature="checkServerType()[pri:0, instance:com.employeeapi.testCases.TC001_Get_All_Employees@20e2cbe0]" name="checkServerType" duration-ms="4" started-at="2019-11-15T22:36:31 IST" finished-at="2019-11-15T22:36:31 IST">
          <reporter-output>
          </reporter-output>
        </test-method> <!-- checkServerType -->
        <test-method status="PASS" signature="checkStatusCode()[pri:0, instance:com.employeeapi.testCases.TC001_Get_All_Employees@20e2cbe0]" name="checkStatusCode" duration-ms="3" started-at="2019-11-15T22:36:31 IST" finished-at="2019-11-15T22:36:31 IST">
          <reporter-output>
          </reporter-output>
        </test-method> <!-- checkStatusCode -->
        <test-method status="PASS" signature="checkStatusLine()[pri:0, instance:com.employeeapi.testCases.TC001_Get_All_Employees@20e2cbe0]" name="checkStatusLine" duration-ms="1" started-at="2019-11-15T22:36:31 IST" finished-at="2019-11-15T22:36:31 IST">
          <reporter-output>
          </reporter-output>
        </test-method> <!-- checkStatusLine -->
        <test-method status="PASS" signature="tearDown()[pri:0, instance:com.employeeapi.testCases.TC001_Get_All_Employees@20e2cbe0]" name="tearDown" is-config="true" duration-ms="5" started-at="2019-11-15T22:36:31 IST" finished-at="2019-11-15T22:36:31 IST">
          <reporter-output>
          </reporter-output>
        </test-method> <!-- tearDown -->
      </class> <!-- com.employeeapi.testCases.TC001_Get_All_Employees -->
      <class name="com.employeeapi.testCases.TC002_Get_Single_Employees_Record">
        <test-method status="PASS" signature="setup()[pri:0, instance:com.employeeapi.testCases.TC002_Get_Single_Employees_Record@68be2bc2]" name="setup" is-config="true" duration-ms="5" started-at="2019-11-15T22:36:31 IST" finished-at="2019-11-15T22:36:31 IST">
          <reporter-output>
          </reporter-output>
        </test-method> <!-- setup -->
        <test-method status="PASS" signature="getAllEmployees()[pri:0, instance:com.employeeapi.testCases.TC002_Get_Single_Employees_Record@68be2bc2]" name="getAllEmployees" is-config="true" duration-ms="1901" started-at="2019-11-15T22:36:31 IST" finished-at="2019-11-15T22:36:33 IST">
          <reporter-output>
          </reporter-output>
        </test-method> <!-- getAllEmployees -->
        <test-method status="PASS" signature="checkContentType()[pri:0, instance:com.employeeapi.testCases.TC002_Get_Single_Employees_Record@68be2bc2]" name="checkContentType" duration-ms="2" started-at="2019-11-15T22:36:33 IST" finished-at="2019-11-15T22:36:33 IST">
          <reporter-output>
          </reporter-output>
        </test-method> <!-- checkContentType -->
        <test-method status="FAIL" signature="checkResponseBody()[pri:0, instance:com.employeeapi.testCases.TC002_Get_Single_Employees_Record@68be2bc2]" name="checkResponseBody" duration-ms="5" started-at="2019-11-15T22:36:33 IST" finished-at="2019-11-15T22:36:33 IST">
          <exception class="java.lang.AssertionError">
            <message>
              <![CDATA[expected [true] but found [false]]]>
            </message>
            <full-stacktrace>
              <![CDATA[java.lang.AssertionError: expected [true] but found [false]
at org.testng.Assert.fail(Assert.java:97)
at org.testng.Assert.assertEqualsImpl(Assert.java:136)
at org.testng.Assert.assertEquals(Assert.java:118)
at org.testng.Assert.assertEquals(Assert.java:751)
at org.testng.Assert.assertEquals(Assert.java:761)
at com.employeeapi.testCases.TC002_Get_Single_Employees_Record.checkResponseBody(TC002_Get_Single_Employees_Record.java:32)
at sun.reflect.NativeMethodAccessorImpl.invoke0(Native Method)
at sun.reflect.NativeMethodAccessorImpl.invoke(NativeMethodAccessorImpl.java:62)
at sun.reflect.DelegatingMethodAccessorImpl.invoke(DelegatingMethodAccessorImpl.java:43)
at java.lang.reflect.Method.invoke(Method.java:498)
at org.testng.internal.MethodInvocationHelper.invokeMethod(MethodInvocationHelper.java:133)
at org.testng.internal.TestInvoker.invokeMethod(TestInvoker.java:584)
at org.testng.internal.TestInvoker.invokeTestMethod(TestInvoker.java:172)
at org.testng.internal.MethodRunner.runInSequence(MethodRunner.java:46)
at org.testng.internal.TestInvoker$MethodInvocationAgent.invoke(TestInvoker.java:804)
at org.testng.internal.TestInvoker.invokeTestMethods(TestInvoker.java:145)
at org.testng.internal.TestMethodWorker.invokeTestMethods(TestMethodWorker.java:146)
at org.testng.internal.TestMethodWorker.run(TestMethodWorker.java:128)
at java.util.ArrayList.forEach(ArrayList.java:1257)
at org.testng.TestRunner.privateRun(TestRunner.java:770)
at org.testng.TestRunner.run(TestRunner.java:591)
at org.testng.SuiteRunner.runTest(SuiteRunner.java:402)
at org.testng.SuiteRunner.runSequentially(SuiteRunner.java:396)
at org.testng.SuiteRunner.privateRun(SuiteRunner.java:355)
at org.testng.SuiteRunner.run(SuiteRunner.java:304)
at org.testng.SuiteRunnerWorker.runSuite(SuiteRunnerWorker.java:53)
at org.testng.SuiteRunnerWorker.run(SuiteRunnerWorker.java:96)
at org.testng.TestNG.runSuitesSequentially(TestNG.java:1180)
at org.testng.TestNG.runSuitesLocally(TestNG.java:1102)
at org.testng.TestNG.runSuites(TestNG.java:1032)
at org.testng.TestNG.run(TestNG.java:1000)
at org.apache.maven.surefire.testng.TestNGExecutor.run(TestNGExecutor.java:295)
at org.apache.maven.surefire.testng.TestNGXmlTestSuite.execute(TestNGXmlTestSuite.java:84)
at org.apache.maven.surefire.testng.TestNGProvider.invoke(TestNGProvider.java:90)
at org.apache.maven.surefire.booter.ForkedBooter.invokeProviderInSameClassLoader(ForkedBooter.java:203)
at org.apache.maven.surefire.booter.ForkedBooter.runSuitesInProcess(ForkedBooter.java:155)
at org.apache.maven.surefire.booter.ForkedBooter.main(ForkedBooter.java:103)
]]>
            </full-stacktrace>
          </exception> <!-- java.lang.AssertionError -->
          <reporter-output>
          </reporter-output>
        </test-method> <!-- checkResponseBody -->
        <test-method status="PASS" signature="checkResponseTime()[pri:0, instance:com.employeeapi.testCases.TC002_Get_Single_Employees_Record@68be2bc2]" name="checkResponseTime" duration-ms="5" started-at="2019-11-15T22:36:33 IST" finished-at="2019-11-15T22:36:33 IST">
          <reporter-output>
          </reporter-output>
        </test-method> <!-- checkResponseTime -->
        <test-method status="PASS" signature="checkServerType()[pri:0, instance:com.employeeapi.testCases.TC002_Get_Single_Employees_Record@68be2bc2]" name="checkServerType" duration-ms="4" started-at="2019-11-15T22:36:33 IST" finished-at="2019-11-15T22:36:33 IST">
          <reporter-output>
          </reporter-output>
        </test-method> <!-- checkServerType -->
        <test-method status="PASS" signature="checkStatusCode()[pri:0, instance:com.employeeapi.testCases.TC002_Get_Single_Employees_Record@68be2bc2]" name="checkStatusCode" duration-ms="7" started-at="2019-11-15T22:36:33 IST" finished-at="2019-11-15T22:36:33 IST">
          <reporter-output>
          </reporter-output>
        </test-method> <!-- checkStatusCode -->
        <test-method status="PASS" signature="checkStatusLine()[pri:0, instance:com.employeeapi.testCases.TC002_Get_Single_Employees_Record@68be2bc2]" name="checkStatusLine" duration-ms="2" started-at="2019-11-15T22:36:33 IST" finished-at="2019-11-15T22:36:33 IST">
          <reporter-output>
          </reporter-output>
        </test-method> <!-- checkStatusLine -->
        <test-method status="PASS" signature="tearDown()[pri:0, instance:com.employeeapi.testCases.TC002_Get_Single_Employees_Record@68be2bc2]" name="tearDown" is-config="true" duration-ms="0" started-at="2019-11-15T22:36:33 IST" finished-at="2019-11-15T22:36:33 IST">
          <reporter-output>
          </reporter-output>
        </test-method> <!-- tearDown -->
      </class> <!-- com.employeeapi.testCases.TC002_Get_Single_Employees_Record -->
    </test> <!-- EmployeesRestApiTest -->
  </suite> <!-- EmployeesRestApisuite -->
</testng-results>
