<?xml version="1.0" encoding="UTF-8"?>
<!-- Generated by org.testng.reporters.JUnitXMLReporter -->
<testsuite hostname="LAPTOP-HTJR39R3" ignored="0" name="EmployeesRestApiTest" tests="27" failures="2" timestamp="2019-11-11T21:50:15 IST" time="11.067" errors="0">
  <testcase name="checkContentType" time="0.014" classname="com.employeeapi.testCases.TC001_Get_All_Employees"/>
  <testcase name="checkResponseBody" time="0.041" classname="com.employeeapi.testCases.TC001_Get_All_Employees"/>
  <testcase name="checkResponseTime" time="0.015" classname="com.employeeapi.testCases.TC001_Get_All_Employees">
    <failure type="java.lang.AssertionError" message="did not expect to find [true] but found [false]">
      <![CDATA[java.lang.AssertionError: did not expect to find [true] but found [false]
at com.employeeapi.testCases.TC001_Get_All_Employees.checkResponseTime(TC001_Get_All_Employees.java:53)
at java.util.ArrayList.forEach(Unknown Source)
... Removed 31 stack frames]]>
    </failure>
  </testcase> <!-- checkResponseTime -->
  <testcase name="checkServerType" time="0.003" classname="com.employeeapi.testCases.TC001_Get_All_Employees"/>
  <testcase name="checkStatusCode" time="0.004" classname="com.employeeapi.testCases.TC001_Get_All_Employees"/>
  <testcase name="checkStatusLine" time="0.005" classname="com.employeeapi.testCases.TC001_Get_All_Employees"/>
  <testcase name="checkContentType" time="0.003" classname="com.employeeapi.testCases.TC002_Get_Single_Employees_Record"/>
  <testcase name="checkResponseBody" time="0.005" classname="com.employeeapi.testCases.TC002_Get_Single_Employees_Record">
    <failure type="java.lang.AssertionError" message="expected [true] but found [false]">
      <![CDATA[java.lang.AssertionError: expected [true] but found [false]
at com.employeeapi.testCases.TC002_Get_Single_Employees_Record.checkResponseBody(TC002_Get_Single_Employees_Record.java:32)
at java.util.ArrayList.forEach(Unknown Source)
... Removed 32 stack frames]]>
    </failure>
  </testcase> <!-- checkResponseBody -->
  <testcase name="checkResponseTime" time="0.004" classname="com.employeeapi.testCases.TC002_Get_Single_Employees_Record"/>
  <testcase name="checkServerType" time="0.003" classname="com.employeeapi.testCases.TC002_Get_Single_Employees_Record"/>
  <testcase name="checkStatusCode" time="0.005" classname="com.employeeapi.testCases.TC002_Get_Single_Employees_Record"/>
  <testcase name="checkStatusLine" time="0.004" classname="com.employeeapi.testCases.TC002_Get_Single_Employees_Record"/>
  <testcase name="checkContentType" time="0.004" classname="com.employeeapi.testCases.TC003_POST_Employees_Record"/>
  <testcase name="checkResponseBody" time="0.003" classname="com.employeeapi.testCases.TC003_POST_Employees_Record"/>
  <testcase name="checkResponseTime" time="0.003" classname="com.employeeapi.testCases.TC003_POST_Employees_Record"/>
  <testcase name="checkStatusCode" time="0.004" classname="com.employeeapi.testCases.TC003_POST_Employees_Record"/>
  <testcase name="checkStatusLine" time="0.002" classname="com.employeeapi.testCases.TC003_POST_Employees_Record"/>
  <testcase name="checkContentType" time="0.003" classname="com.employeeapi.testCases.TC004_PUT_Employees_Record"/>
  <testcase name="checkResponseBody" time="0.003" classname="com.employeeapi.testCases.TC004_PUT_Employees_Record"/>
  <testcase name="checkResponseTime" time="0.002" classname="com.employeeapi.testCases.TC004_PUT_Employees_Record"/>
  <testcase name="checkStatusCode" time="0.003" classname="com.employeeapi.testCases.TC004_PUT_Employees_Record"/>
  <testcase name="checkStatusLine" time="0.003" classname="com.employeeapi.testCases.TC004_PUT_Employees_Record"/>
  <testcase name="checkContentType" time="0.003" classname="com.employeeapi.testCases.TC005_DELETE_Employee_Record"/>
  <testcase name="checkResponseBody" time="0.004" classname="com.employeeapi.testCases.TC005_DELETE_Employee_Record"/>
  <testcase name="checkResponseTime" time="0.003" classname="com.employeeapi.testCases.TC005_DELETE_Employee_Record"/>
  <testcase name="checkStatusCode" time="0.003" classname="com.employeeapi.testCases.TC005_DELETE_Employee_Record"/>
  <testcase name="checkStatusLine" time="0.003" classname="com.employeeapi.testCases.TC005_DELETE_Employee_Record"/>
</testsuite> <!-- EmployeesRestApiTest -->
