<?xml version="1.0" encoding="UTF-8"?>
<!-- Generated by org.testng.reporters.JUnitXMLReporter -->
<testsuite hostname="LAPTOP-HTJR39R3" ignored="0" name="Default test" tests="5" failures="0" timestamp="2019-11-10T16:27:51 IST" time="6.41" errors="0">
  <testcase name="checkContentType" time="0.016" classname="com.employeeapi.testCases.TC005_DELETE_Employee_Record"/>
  <testcase name="checkResponseBody" time="0.004" classname="com.employeeapi.testCases.TC005_DELETE_Employee_Record"/>
  <testcase name="checkResponseTime" time="0.003" classname="com.employeeapi.testCases.TC005_DELETE_Employee_Record"/>
  <testcase name="checkStatusCode" time="0.003" classname="com.employeeapi.testCases.TC005_DELETE_Employee_Record"/>
  <testcase name="checkStatusLine" time="0.002" classname="com.employeeapi.testCases.TC005_DELETE_Employee_Record"/>
</testsuite> <!-- Default test -->
